<?xml version="1.0" encoding="UTF-8"?>
<testng-results ignored="0" total="1" passed="1" failed="0" skipped="0">
  <reporter-output>
  </reporter-output>
  <suite started-at="2021-10-24T23:03:41 IST" name="Default suite" finished-at="2021-10-24T23:03:49 IST" duration-ms="8345">
    <groups>
    </groups>
    <test started-at="2021-10-24T23:03:41 IST" name="Default test" finished-at="2021-10-24T23:03:49 IST" duration-ms="8345">
      <class name="Jabatalks.Testing.Test1">
        <test-method is-config="true" signature="setup()[pri:0, instance:Jabatalks.Testing.Test1@76f2bbc1]" started-at="2021-10-24T23:03:41 IST" name="setup" finished-at="2021-10-24T23:03:42 IST" duration-ms="1074" status="PASS">
          <reporter-output>
          </reporter-output>
        </test-method> <!-- setup -->
        <test-method signature="signUp()[pri:0, instance:Jabatalks.Testing.Test1@76f2bbc1]" started-at="2021-10-24T23:03:42 IST" name="signUp" finished-at="2021-10-24T23:03:49 IST" duration-ms="6753" status="PASS">
          <reporter-output>
          </reporter-output>
        </test-method> <!-- signUp -->
        <test-method is-config="true" signature="Screenshot()[pri:0, instance:Jabatalks.Testing.Test1@76f2bbc1]" started-at="2021-10-24T23:03:49 IST" name="Screenshot" finished-at="2021-10-24T23:03:49 IST" duration-ms="249" status="PASS">
          <reporter-output>
          </reporter-output>
        </test-method> <!-- Screenshot -->
        <test-method is-config="true" signature="tearDown()[pri:0, instance:Jabatalks.Testing.Test1@76f2bbc1]" started-at="2021-10-24T23:03:49 IST" name="tearDown" finished-at="2021-10-24T23:03:49 IST" duration-ms="246" status="PASS">
          <reporter-output>
          </reporter-output>
        </test-method> <!-- tearDown -->
      </class> <!-- Jabatalks.Testing.Test1 -->
    </test> <!-- Default test -->
  </suite> <!-- Default suite -->
</testng-results>
